ShoeStoreApp/app/build/intermediates/manifest_merge_blame_file/debug/manifest-merger-blame-debug-report.txt
1<?xml version="1.0" encoding="utf-8"?>
2<manifest xmlns:android="http://schemas.android.com/apk/res/android"
3    package="com.example.shoestoreapp"
4    android:versionCode="1"
5    android:versionName="1.0" >
6
7    <uses-sdk
8        android:minSdkVersion="28"
8-->src/main/AndroidManifest.xml
9        android:targetSdkVersion="32" />
9-->src/main/AndroidManifest.xml
10
11    <permission
11-->[androidx.core:core:1.9.0] AndroidManifest.xml:22:5-24:47
12        android:name="com.example.shoestoreapp.DYNAMIC_RECEIVER_NOT_EXPORTED_PERMISSION"
12-->[androidx.core:core:1.9.0] AndroidManifest.xml:23:9-81
13        android:protectionLevel="signature" />
13-->[androidx.core:core:1.9.0] AndroidManifest.xml:24:9-44
14
15    <uses-permission android:name="com.example.shoestoreapp.DYNAMIC_RECEIVER_NOT_EXPORTED_PERMISSION" />
15-->[androidx.core:core:1.9.0] AndroidManifest.xml:26:5-97
15-->[androidx.core:core:1.9.0] AndroidManifest.xml:26:22-94
16
17    <application
17-->src/main/AndroidManifest.xml:6:5-26:19
18        android:allowBackup="true"
18-->src/main/AndroidManifest.xml:7:9-35
19        android:appComponentFactory="androidx.core.app.CoreComponentFactory"
19-->[androidx.core:core:1.9.0] AndroidManifest.xml:28:18-86
20        android:dataExtractionRules="@xml/data_extraction_rules"
20-->src/main/AndroidManifest.xml:8:9-65
21        android:debuggable="true"
22        android:extractNativeLibs="false"
23        android:fullBackupContent="@xml/backup_rules"
23-->src/main/AndroidManifest.xml:9:9-54
24        android:icon="@mipmap/ic_launcher"
24-->src/main/AndroidManifest.xml:10:9-43
25        android:label="@string/app_name"
25-->src/main/AndroidManifest.xml:11:9-41
26        android:roundIcon="@mipmap/ic_launcher_round"
26-->src/main/AndroidManifest.xml:12:9-54
27        android:supportsRtl="true"
27-->src/main/AndroidManifest.xml:13:9-35
28        android:testOnly="true"
29        android:theme="@style/Theme.ShoeStoreApp" >
29-->src/main/AndroidManifest.xml:14:9-50
30        <activity
30-->src/main/AndroidManifest.xml:16:9-25:20
31            android:name="com.example.shoestoreapp.MainActivity"
31-->src/main/AndroidManifest.xml:17:13-41
32            android:exported="true"
32-->src/main/AndroidManifest.xml:18:13-36
33            android:theme="@style/Theme.ShoeStoreApp.NoActionBar" >
33-->src/main/AndroidManifest.xml:19:13-66
34            <intent-filter>
34-->src/main/AndroidManifest.xml:20:13-24:29
35                <action android:name="android.intent.action.MAIN" />
35-->src/main/AndroidManifest.xml:21:17-69
35-->src/main/AndroidManifest.xml:21:25-66
36
37                <category android:name="android.intent.category.LAUNCHER" />
37-->src/main/AndroidManifest.xml:23:17-77
37-->src/main/AndroidManifest.xml:23:27-74
38            </intent-filter>
39        </activity>
40
41        <uses-library
41-->[androidx.window:window:1.0.0] AndroidManifest.xml:25:9-27:40
42            android:name="androidx.window.extensions"
42-->[androidx.window:window:1.0.0] AndroidManifest.xml:26:13-54
43            android:required="false" />
43-->[androidx.window:window:1.0.0] AndroidManifest.xml:27:13-37
44        <uses-library
44-->[androidx.window:window:1.0.0] AndroidManifest.xml:28:9-30:40
45            android:name="androidx.window.sidecar"
45-->[androidx.window:window:1.0.0] AndroidManifest.xml:29:13-51
46            android:required="false" />
46-->[androidx.window:window:1.0.0] AndroidManifest.xml:30:13-37
47
48        <provider
48-->[androidx.emoji2:emoji2:1.2.0] AndroidManifest.xml:24:9-32:20
49            android:name="androidx.startup.InitializationProvider"
49-->[androidx.emoji2:emoji2:1.2.0] AndroidManifest.xml:25:13-67
50            android:authorities="com.example.shoestoreapp.androidx-startup"
50-->[androidx.emoji2:emoji2:1.2.0] AndroidManifest.xml:26:13-68
51            android:exported="false" >
51-->[androidx.emoji2:emoji2:1.2.0] AndroidManifest.xml:27:13-37
52            <meta-data
52-->[androidx.emoji2:emoji2:1.2.0] AndroidManifest.xml:29:13-31:52
53                android:name="androidx.emoji2.text.EmojiCompatInitializer"
53-->[androidx.emoji2:emoji2:1.2.0] AndroidManifest.xml:30:17-75
54                android:value="androidx.startup" />
54-->[androidx.emoji2:emoji2:1.2.0] AndroidManifest.xml:31:17-49
55            <meta-data
55-->[androidx.lifecycle:lifecycle-process:2.4.1] AndroidManifest.xml:31:13-33:52
56                android:name="androidx.lifecycle.ProcessLifecycleInitializer"
56-->[androidx.lifecycle:lifecycle-process:2.4.1] AndroidManifest.xml:32:17-78
57                android:value="androidx.startup" />
57-->[androidx.lifecycle:lifecycle-process:2.4.1] AndroidManifest.xml:33:17-49
58            <meta-data
58-->[androidx.profileinstaller:profileinstaller:1.0.1] AndroidManifest.xml:31:13-33:52
59                android:name="androidx.profileinstaller.ProfileInstallerInitializer"
59-->[androidx.profileinstaller:profileinstaller:1.0.1] AndroidManifest.xml:32:17-85
60                android:value="androidx.startup" />
60-->[androidx.profileinstaller:profileinstaller:1.0.1] AndroidManifest.xml:33:17-49
61        </provider>
62
63        <receiver
63-->[androidx.profileinstaller:profileinstaller:1.0.1] AndroidManifest.xml:36:9-45:20
64            android:name="androidx.profileinstaller.ProfileInstallReceiver"
64-->[androidx.profileinstaller:profileinstaller:1.0.1] AndroidManifest.xml:37:13-76
65            android:directBootAware="false"
65-->[androidx.profileinstaller:profileinstaller:1.0.1] AndroidManifest.xml:38:13-44
66            android:enabled="true"
66-->[androidx.profileinstaller:profileinstaller:1.0.1] AndroidManifest.xml:39:13-35
67            android:exported="true"
67-->[androidx.profileinstaller:profileinstaller:1.0.1] AndroidManifest.xml:40:13-36
68            android:permission="android.permission.DUMP" >
68-->[androidx.profileinstaller:profileinstaller:1.0.1] AndroidManifest.xml:41:13-57
69            <intent-filter>
69-->[androidx.profileinstaller:profileinstaller:1.0.1] AndroidManifest.xml:42:13-44:29
70                <action android:name="androidx.profileinstaller.action.INSTALL_PROFILE" />
70-->[androidx.profileinstaller:profileinstaller:1.0.1] AndroidManifest.xml:43:17-91
70-->[androidx.profileinstaller:profileinstaller:1.0.1] AndroidManifest.xml:43:25-88
71            </intent-filter>
72        </receiver>
73    </application>
74
75</manifest>